Start testing: Oct 01 23:54 MSK
----------------------------------------------------------
1/1 Testing: main
1/1 Test: main
Command: "/usr/bin/python3" "-m" "test" "./main"
Directory: /home/cpplearn/hello-world/CppDevCourse-hw2/build
"main" start time: Oct 01 23:54 MSK
Output:
----------------------------------------------------------
<end of output>
Test time =   0.09 sec
----------------------------------------------------------
Test Passed.
"main" end time: Oct 01 23:54 MSK
"main" time elapsed: 00:00:00
----------------------------------------------------------

End testing: Oct 01 23:54 MSK
